<?xml version="1.0" encoding="UTF-8"?>
<flow xmlns="http://www.springframework.org/schema/webflow"
      xmlns:xsi="http://www.w3.org/2001/XMLSchema-instance"
      xsi:schemaLocation="http://www.springframework.org/schema/webflow
                          http://www.springframework.org/schema/webflow/spring-webflow-2.0.xsd">

	<on-start>
		<evaluate expression="'Hello!'" result="flowScope.msg" />
	</on-start>

	
    <view-state id="one" view="flow.tiles" model="msg">
		<transition on="forward">
          <render fragments="tobechanged"/>
		</transition>
	</view-state>

</flow>
